Parse-Server-Starter-Project-v01/ParseStarterProject-old/build/intermediates/manifest_merge_blame_file/debug/manifest-merger-blame-debug-report.txt
1<?xml version="1.0" encoding="utf-8"?>
2<!--
3  ~ Copyright (c) 2015-present, Parse, LLC.
4  ~ All rights reserved.
5  ~
6  ~ This source code is licensed under the BSD-style license found in the
7  ~ LICENSE file in the root directory of this source tree. An additional grant
8  ~ of patent rights can be found in the PATENTS file in the same directory.
9-->
10<manifest xmlns:android="http://schemas.android.com/apk/res/android"
11    package="com.parse.starter"
12    android:versionCode="1"
13    android:versionName="1.0" >
14
15    <uses-sdk
16        android:minSdkVersion="26"
16-->src/main/AndroidManifest.xml
17        android:targetSdkVersion="26" />
17-->src/main/AndroidManifest.xml
18
19    <uses-permission android:name="android.permission.INTERNET" />
19-->src/main/AndroidManifest.xml:12:5-67
19-->src/main/AndroidManifest.xml:12:22-64
20    <uses-permission android:name="android.permission.ACCESS_NETWORK_STATE" />
20-->src/main/AndroidManifest.xml:13:5-79
20-->src/main/AndroidManifest.xml:13:22-76
21    <uses-permission android:name="android.permission.READ_EXTERNAL_STORAGE" />
21-->src/main/AndroidManifest.xml:14:5-80
21-->src/main/AndroidManifest.xml:14:22-77
22    <uses-permission android:name="android.permission.ACCESS_FINE_LOCATION" />
22-->src/main/AndroidManifest.xml:16:5-79
22-->src/main/AndroidManifest.xml:16:22-76
23
24    <!-- Optional permission for Analytics to run. -->
25    <uses-permission android:name="android.permission.WAKE_LOCK" /> <!-- Permissions required for GCM -->
25-->[com.google.android.gms:play-services-analytics:9.4.0] AndroidManifest.xml:25:5-67
25-->[com.google.android.gms:play-services-analytics:9.4.0] AndroidManifest.xml:25:22-65
26    <uses-permission android:name="com.google.android.c2dm.permission.RECEIVE" />
26-->[com.google.android.gms:play-services-gcm:9.4.0] AndroidManifest.xml:21:5-82
26-->[com.google.android.gms:play-services-gcm:9.4.0] AndroidManifest.xml:21:22-79
27
28    <uses-feature
28-->[com.google.android.gms:play-services-maps:9.4.0] AndroidManifest.xml:22:5-24:33
29        android:glEsVersion="0x00020000"
29-->[com.google.android.gms:play-services-maps:9.4.0] AndroidManifest.xml:23:8-40
30        android:required="true" />
30-->[com.google.android.gms:play-services-maps:9.4.0] AndroidManifest.xml:24:8-31
31
32    <permission
32-->[com.google.firebase:firebase-iid:9.4.0] AndroidManifest.xml:25:5-26:47
33        android:name="com.parse.starter.permission.C2D_MESSAGE"
33-->[com.google.firebase:firebase-iid:9.4.0] AndroidManifest.xml:25:17-71
34        android:protectionLevel="signature" />
34-->[com.google.firebase:firebase-iid:9.4.0] AndroidManifest.xml:26:9-44
35
36    <uses-permission android:name="com.parse.starter.permission.C2D_MESSAGE" />
36-->[com.google.firebase:firebase-iid:9.4.0] AndroidManifest.xml:28:5-79
36-->[com.google.firebase:firebase-iid:9.4.0] AndroidManifest.xml:28:22-76
37
38    <application
38-->src/main/AndroidManifest.xml:18:5-38:19
39        android:name="com.parse.starter.StarterApplication"
39-->src/main/AndroidManifest.xml:19:9-43
40        android:allowBackup="true"
40-->src/main/AndroidManifest.xml:20:9-35
41        android:debuggable="true"
42        android:extractNativeLibs="false"
43        android:icon="@mipmap/ic_launcher"
43-->src/main/AndroidManifest.xml:21:9-43
44        android:label="@string/app_name"
44-->src/main/AndroidManifest.xml:22:9-41
45        android:testOnly="true"
46        android:theme="@style/AppTheme"
46-->src/main/AndroidManifest.xml:24:9-40
47        android:usesCleartextTraffic="true" >
47-->src/main/AndroidManifest.xml:23:9-44
48        <activity
48-->src/main/AndroidManifest.xml:27:9-35:20
49            android:name="com.parse.starter.MainActivity"
49-->src/main/AndroidManifest.xml:28:13-41
50            android:label="@string/app_name" >
50-->src/main/AndroidManifest.xml:29:13-45
51            <intent-filter>
51-->src/main/AndroidManifest.xml:30:13-34:29
52                <action android:name="android.intent.action.MAIN" />
52-->src/main/AndroidManifest.xml:31:17-69
52-->src/main/AndroidManifest.xml:31:25-66
53
54                <category android:name="android.intent.category.LAUNCHER" />
54-->src/main/AndroidManifest.xml:33:17-77
54-->src/main/AndroidManifest.xml:33:27-74
55            </intent-filter>
56        </activity>
57
58        <receiver android:name="com.google.android.gms.cast.framework.media.MediaIntentReceiver" />
58-->[com.google.android.gms:play-services-cast-framework:9.4.0] AndroidManifest.xml:6:9-100
58-->[com.google.android.gms:play-services-cast-framework:9.4.0] AndroidManifest.xml:6:19-97
59
60        <service android:name="com.google.android.gms.cast.framework.media.MediaNotificationService" />
60-->[com.google.android.gms:play-services-cast-framework:9.4.0] AndroidManifest.xml:7:9-104
60-->[com.google.android.gms:play-services-cast-framework:9.4.0] AndroidManifest.xml:7:18-101
61        <service android:name="com.google.android.gms.cast.framework.ReconnectionService" />
61-->[com.google.android.gms:play-services-cast-framework:9.4.0] AndroidManifest.xml:8:9-92
61-->[com.google.android.gms:play-services-cast-framework:9.4.0] AndroidManifest.xml:8:18-90
62
63        <meta-data
63-->[com.android.support:appcompat-v7:26.0.0] AndroidManifest.xml:26:9-28:38
64            android:name="android.support.VERSION"
64-->[com.android.support:appcompat-v7:26.0.0] AndroidManifest.xml:27:13-51
65            android:value="26.0.0" /> <!-- Include the AdActivity and InAppPurchaseActivity configChanges and themes. -->
65-->[com.android.support:appcompat-v7:26.0.0] AndroidManifest.xml:28:13-35
66        <activity
66-->[com.google.android.gms:play-services-ads-lite:9.4.0] AndroidManifest.xml:26:9-29:64
67            android:name="com.google.android.gms.ads.AdActivity"
67-->[com.google.android.gms:play-services-ads-lite:9.4.0] AndroidManifest.xml:27:13-65
68            android:configChanges="keyboard|keyboardHidden|orientation|screenLayout|uiMode|screenSize|smallestScreenSize"
68-->[com.google.android.gms:play-services-ads-lite:9.4.0] AndroidManifest.xml:28:13-122
69            android:theme="@android:style/Theme.Translucent" />
69-->[com.google.android.gms:play-services-ads-lite:9.4.0] AndroidManifest.xml:29:13-61
70        <activity
70-->[com.google.android.gms:play-services-ads-lite:9.4.0] AndroidManifest.xml:30:9-31:52
71            android:name="com.google.android.gms.ads.purchase.InAppPurchaseActivity"
71-->[com.google.android.gms:play-services-ads-lite:9.4.0] AndroidManifest.xml:30:19-91
72            android:theme="@style/Theme.IAPTheme" />
72-->[com.google.android.gms:play-services-ads-lite:9.4.0] AndroidManifest.xml:31:13-50
73        <activity
73-->[com.google.android.gms:play-services-appinvite:9.4.0] AndroidManifest.xml:21:9-29:20
74            android:name="com.google.android.gms.appinvite.PreviewActivity"
74-->[com.google.android.gms:play-services-appinvite:9.4.0] AndroidManifest.xml:22:17-48
75            android:exported="true"
75-->[com.google.android.gms:play-services-appinvite:9.4.0] AndroidManifest.xml:23:17-40
76            android:theme="@style/Theme.AppInvite.Preview" >
76-->[com.google.android.gms:play-services-appinvite:9.4.0] AndroidManifest.xml:24:17-63
77            <intent-filter>
77-->[com.google.android.gms:play-services-appinvite:9.4.0] AndroidManifest.xml:25:13-28:29
78                <action android:name="com.google.android.gms.appinvite.ACTION_PREVIEW" />
78-->[com.google.android.gms:play-services-appinvite:9.4.0] AndroidManifest.xml:26:17-89
78-->[com.google.android.gms:play-services-appinvite:9.4.0] AndroidManifest.xml:26:25-87
79
80                <category android:name="android.intent.category.DEFAULT" />
80-->[com.google.android.gms:play-services-appinvite:9.4.0] AndroidManifest.xml:27:17-75
80-->[com.google.android.gms:play-services-appinvite:9.4.0] AndroidManifest.xml:27:27-73
81            </intent-filter>
82        </activity>
83        <activity
83-->[com.google.android.gms:play-services-auth:9.4.0] AndroidManifest.xml:21:9-24:46
84            android:name="com.google.android.gms.auth.api.signin.internal.SignInHubActivity"
84-->[com.google.android.gms:play-services-auth:9.4.0] AndroidManifest.xml:21:19-68
85            android:excludeFromRecents="true"
85-->[com.google.android.gms:play-services-auth:9.4.0] AndroidManifest.xml:23:19-52
86            android:exported="false"
86-->[com.google.android.gms:play-services-auth:9.4.0] AndroidManifest.xml:24:19-43
87            android:theme="@android:style/Theme.Translucent.NoTitleBar" />
87-->[com.google.android.gms:play-services-auth:9.4.0] AndroidManifest.xml:22:19-78
88        <!--
89Service handling Google Sign-In user revocation. For apps that do not integrate with
90            Google Sign-In, this service will never be started.
91        -->
92        <service
92-->[com.google.android.gms:play-services-auth:9.4.0] AndroidManifest.xml:28:9-31:110
93            android:name="com.google.android.gms.auth.api.signin.RevocationBoundService"
93-->[com.google.android.gms:play-services-auth:9.4.0] AndroidManifest.xml:29:13-58
94            android:exported="true"
94-->[com.google.android.gms:play-services-auth:9.4.0] AndroidManifest.xml:30:13-36
95            android:permission="com.google.android.gms.auth.api.signin.permission.REVOCATION_NOTIFICATION" />
95-->[com.google.android.gms:play-services-auth:9.4.0] AndroidManifest.xml:31:13-107
96        <service
96-->[com.google.firebase:firebase-crash:9.4.0] AndroidManifest.xml:26:9-27:50
97            android:name="com.google.firebase.crash.internal.service.FirebaseCrashReceiverService"
97-->[com.google.firebase:firebase-crash:9.4.0] AndroidManifest.xml:26:18-79
98            android:process=":background_crash" />
98-->[com.google.firebase:firebase-crash:9.4.0] AndroidManifest.xml:27:13-48
99        <service
99-->[com.google.firebase:firebase-crash:9.4.0] AndroidManifest.xml:29:9-30:50
100            android:name="com.google.firebase.crash.internal.service.FirebaseCrashSenderService"
100-->[com.google.firebase:firebase-crash:9.4.0] AndroidManifest.xml:29:18-77
101            android:process=":background_crash" />
101-->[com.google.firebase:firebase-crash:9.4.0] AndroidManifest.xml:30:13-48
102
103        <activity
103-->[com.google.android.gms:play-services-base:9.4.0] AndroidManifest.xml:20:9-22:45
104            android:name="com.google.android.gms.common.api.GoogleApiActivity"
104-->[com.google.android.gms:play-services-base:9.4.0] AndroidManifest.xml:20:19-85
105            android:exported="false"
105-->[com.google.android.gms:play-services-base:9.4.0] AndroidManifest.xml:22:19-43
106            android:theme="@android:style/Theme.Translucent.NoTitleBar" />
106-->[com.google.android.gms:play-services-base:9.4.0] AndroidManifest.xml:21:19-78
107        <!--
108 FirebaseMessagingService performs security checks at runtime,
109             no need for explicit permissions despite exported="true"
110        -->
111        <service
111-->[com.google.firebase:firebase-messaging:9.4.0] AndroidManifest.xml:24:9-30:19
112            android:name="com.google.firebase.messaging.FirebaseMessagingService"
112-->[com.google.firebase:firebase-messaging:9.4.0] AndroidManifest.xml:25:13-82
113            android:exported="true" >
113-->[com.google.firebase:firebase-messaging:9.4.0] AndroidManifest.xml:26:13-36
114            <intent-filter android:priority="-500" >
114-->[com.google.firebase:firebase-messaging:9.4.0] AndroidManifest.xml:27:13-29:29
114-->[com.google.firebase:firebase-messaging:9.4.0] AndroidManifest.xml:27:28-51
115                <action android:name="com.google.firebase.MESSAGING_EVENT" />
115-->[com.google.firebase:firebase-messaging:9.4.0] AndroidManifest.xml:28:17-78
115-->[com.google.firebase:firebase-messaging:9.4.0] AndroidManifest.xml:28:25-75
116            </intent-filter>
117        </service>
118        <service
118-->[com.google.android.gms:play-services-tagmanager-api:9.4.0] AndroidManifest.xml:25:9-27:42
119            android:name="com.google.android.gms.tagmanager.TagManagerService"
119-->[com.google.android.gms:play-services-tagmanager-api:9.4.0] AndroidManifest.xml:25:18-84
120            android:enabled="true"
120-->[com.google.android.gms:play-services-tagmanager-api:9.4.0] AndroidManifest.xml:27:17-39
121            android:exported="false" />
121-->[com.google.android.gms:play-services-tagmanager-api:9.4.0] AndroidManifest.xml:26:17-41
122
123        <activity
123-->[com.google.android.gms:play-services-tagmanager-api:9.4.0] AndroidManifest.xml:28:9-37:20
124            android:name="com.google.android.gms.tagmanager.TagManagerPreviewActivity"
124-->[com.google.android.gms:play-services-tagmanager-api:9.4.0] AndroidManifest.xml:29:13-87
125            android:noHistory="true" > <!-- optional, removes the previewActivity from the activity stack. -->
125-->[com.google.android.gms:play-services-tagmanager-api:9.4.0] AndroidManifest.xml:30:13-37
126            <intent-filter>
126-->[com.google.android.gms:play-services-tagmanager-api:9.4.0] AndroidManifest.xml:31:13-36:29
127                <data android:scheme="tagmanager.c.com.parse.starter" />
127-->[com.google.android.gms:play-services-tagmanager-api:9.4.0] AndroidManifest.xml:32:17-72
127-->[com.google.android.gms:play-services-tagmanager-api:9.4.0] AndroidManifest.xml:32:23-69
128
129                <action android:name="android.intent.action.VIEW" />
129-->[com.google.android.gms:play-services-tagmanager-api:9.4.0] AndroidManifest.xml:33:17-69
129-->[com.google.android.gms:play-services-tagmanager-api:9.4.0] AndroidManifest.xml:33:25-66
130
131                <category android:name="android.intent.category.DEFAULT" />
131-->[com.google.android.gms:play-services-appinvite:9.4.0] AndroidManifest.xml:27:17-75
131-->[com.google.android.gms:play-services-appinvite:9.4.0] AndroidManifest.xml:27:27-73
132                <category android:name="android.intent.category.BROWSABLE" />
132-->[com.google.android.gms:play-services-tagmanager-api:9.4.0] AndroidManifest.xml:35:17-77
132-->[com.google.android.gms:play-services-tagmanager-api:9.4.0] AndroidManifest.xml:35:27-75
133            </intent-filter>
134        </activity>
135
136        <receiver
136-->[com.google.firebase:firebase-analytics:9.4.0] AndroidManifest.xml:28:7-34:18
137            android:name="com.google.android.gms.measurement.AppMeasurementReceiver"
137-->[com.google.firebase:firebase-analytics:9.4.0] AndroidManifest.xml:29:11-83
138            android:enabled="true" >
138-->[com.google.firebase:firebase-analytics:9.4.0] AndroidManifest.xml:30:11-33
139            <intent-filter>
139-->[com.google.firebase:firebase-analytics:9.4.0] AndroidManifest.xml:31:9-33:25
140                <action android:name="com.google.android.gms.measurement.UPLOAD" />
140-->[com.google.firebase:firebase-analytics:9.4.0] AndroidManifest.xml:32:11-77
140-->[com.google.firebase:firebase-analytics:9.4.0] AndroidManifest.xml:32:19-75
141            </intent-filter>
142        </receiver>
143
144        <service
144-->[com.google.firebase:firebase-analytics:9.4.0] AndroidManifest.xml:36:7-39:37
145            android:name="com.google.android.gms.measurement.AppMeasurementService"
145-->[com.google.firebase:firebase-analytics:9.4.0] AndroidManifest.xml:37:11-82
146            android:enabled="true"
146-->[com.google.firebase:firebase-analytics:9.4.0] AndroidManifest.xml:38:11-33
147            android:exported="false" />
147-->[com.google.firebase:firebase-analytics:9.4.0] AndroidManifest.xml:39:11-35
148
149        <receiver
149-->[com.google.firebase:firebase-iid:9.4.0] AndroidManifest.xml:32:9-41:20
150            android:name="com.google.firebase.iid.FirebaseInstanceIdReceiver"
150-->[com.google.firebase:firebase-iid:9.4.0] AndroidManifest.xml:33:13-78
151            android:exported="true"
151-->[com.google.firebase:firebase-iid:9.4.0] AndroidManifest.xml:34:13-36
152            android:permission="com.google.android.c2dm.permission.SEND" >
152-->[com.google.firebase:firebase-iid:9.4.0] AndroidManifest.xml:35:13-73
153            <intent-filter>
153-->[com.google.firebase:firebase-iid:9.4.0] AndroidManifest.xml:36:13-40:29
154                <action android:name="com.google.android.c2dm.intent.RECEIVE" />
154-->[com.google.firebase:firebase-iid:9.4.0] AndroidManifest.xml:37:17-81
154-->[com.google.firebase:firebase-iid:9.4.0] AndroidManifest.xml:37:25-78
155                <action android:name="com.google.android.c2dm.intent.REGISTRATION" />
155-->[com.google.firebase:firebase-iid:9.4.0] AndroidManifest.xml:38:17-86
155-->[com.google.firebase:firebase-iid:9.4.0] AndroidManifest.xml:38:25-83
156
157                <category android:name="com.parse.starter" />
157-->[com.google.firebase:firebase-iid:9.4.0] AndroidManifest.xml:39:17-61
157-->[com.google.firebase:firebase-iid:9.4.0] AndroidManifest.xml:39:27-58
158            </intent-filter>
159        </receiver>
160        <!--
161 Internal (not exported) receiver used by the app to start its own exported services
162             without risk of being spoofed.
163        -->
164        <receiver
164-->[com.google.firebase:firebase-iid:9.4.0] AndroidManifest.xml:45:9-47:40
165            android:name="com.google.firebase.iid.FirebaseInstanceIdInternalReceiver"
165-->[com.google.firebase:firebase-iid:9.4.0] AndroidManifest.xml:46:13-86
166            android:exported="false" />
166-->[com.google.firebase:firebase-iid:9.4.0] AndroidManifest.xml:47:13-37
167        <!--
168 FirebaseInstanceIdService performs security checks at runtime,
169             no need for explicit permissions despite exported="true"
170        -->
171        <service
171-->[com.google.firebase:firebase-iid:9.4.0] AndroidManifest.xml:51:9-57:19
172            android:name="com.google.firebase.iid.FirebaseInstanceIdService"
172-->[com.google.firebase:firebase-iid:9.4.0] AndroidManifest.xml:52:13-77
173            android:exported="true" >
173-->[com.google.firebase:firebase-iid:9.4.0] AndroidManifest.xml:53:13-36
174            <intent-filter android:priority="-500" >
174-->[com.google.firebase:firebase-iid:9.4.0] AndroidManifest.xml:54:13-56:29
174-->[com.google.firebase:firebase-iid:9.4.0] AndroidManifest.xml:54:28-51
175                <action android:name="com.google.firebase.INSTANCE_ID_EVENT" />
175-->[com.google.firebase:firebase-iid:9.4.0] AndroidManifest.xml:55:17-80
175-->[com.google.firebase:firebase-iid:9.4.0] AndroidManifest.xml:55:25-77
176            </intent-filter>
177        </service>
178
179        <provider
179-->[com.google.firebase:firebase-common:9.4.0] AndroidManifest.xml:7:9-11:39
180            android:name="com.google.firebase.provider.FirebaseInitProvider"
180-->[com.google.firebase:firebase-common:9.4.0] AndroidManifest.xml:9:13-58
181            android:authorities="com.parse.starter.firebaseinitprovider"
181-->[com.google.firebase:firebase-common:9.4.0] AndroidManifest.xml:8:13-72
182            android:exported="false"
182-->[com.google.firebase:firebase-common:9.4.0] AndroidManifest.xml:10:13-37
183            android:initOrder="100" />
183-->[com.google.firebase:firebase-common:9.4.0] AndroidManifest.xml:11:13-36
184
185        <meta-data
185-->[com.google.android.gms:play-services-basement:9.4.0] AndroidManifest.xml:21:9-23:69
186            android:name="com.google.android.gms.version"
186-->[com.google.android.gms:play-services-basement:9.4.0] AndroidManifest.xml:22:13-58
187            android:value="@integer/google_play_services_version" />
187-->[com.google.android.gms:play-services-basement:9.4.0] AndroidManifest.xml:23:13-66
188    </application>
189
190</manifest>